RecognizerUISample/recognizeruisample/build/outputs/logs/manifest-merger-debug-report.txt
-- Merging decision tree log ---
manifest
ADDED from src/main/AndroidManifest.xml:2:1-21:12
	package
		ADDED from src/main/AndroidManifest.xml:3:5-54
		INJECTED from src/main/AndroidManifest.xml
		INJECTED from src/main/AndroidManifest.xml
	android:versionName
		INJECTED from src/main/AndroidManifest.xml
		INJECTED from src/main/AndroidManifest.xml
	xmlns:android
		ADDED from src/main/AndroidManifest.xml:2:11-69
	android:versionCode
		INJECTED from src/main/AndroidManifest.xml
		INJECTED from src/main/AndroidManifest.xml
application
ADDED from src/main/AndroidManifest.xml:5:5-19:19
MERGED from [com.android.support:appcompat-v7:26.1.0] AndroidManifest.xml:25:5-29:19
MERGED from [com.android.support:animated-vector-drawable:26.1.0] AndroidManifest.xml:22:5-26:19
MERGED from [com.android.support:support-vector-drawable:26.1.0] AndroidManifest.xml:22:5-26:19
MERGED from [com.android.support.constraint:constraint-layout:1.0.2] AndroidManifest.xml:9:5-20
MERGED from [com.yandex.android:speechkit-internal:3.12.0] AndroidManifest.xml:17:5-29:19
MERGED from [com.android.support:support-v4:26.1.0] AndroidManifest.xml:25:5-29:19
MERGED from [com.android.support:support-media-compat:26.1.0] AndroidManifest.xml:25:5-29:19
MERGED from [com.android.support:support-fragment:26.1.0] AndroidManifest.xml:25:5-29:19
MERGED from [com.android.support:support-core-ui:26.1.0] AndroidManifest.xml:25:5-29:19
MERGED from [com.android.support:support-core-utils:26.1.0] AndroidManifest.xml:25:5-29:19
MERGED from [com.android.support:support-compat:26.1.0] AndroidManifest.xml:25:5-29:19
MERGED from [android.arch.lifecycle:runtime:1.0.0] AndroidManifest.xml:24:5-28:19
	android:label
		ADDED from src/main/AndroidManifest.xml:8:9-41
	android:supportsRtl
		ADDED from src/main/AndroidManifest.xml:10:9-35
	android:roundIcon
		ADDED from src/main/AndroidManifest.xml:9:9-54
	android:allowBackup
		ADDED from src/main/AndroidManifest.xml:6:9-35
	android:icon
		ADDED from src/main/AndroidManifest.xml:7:9-43
	android:theme
		ADDED from src/main/AndroidManifest.xml:11:9-40
activity#com.yandex.speechkit.recognizeruisample.RecognizerUIActivity
ADDED from src/main/AndroidManifest.xml:12:9-18:20
	android:name
		ADDED from src/main/AndroidManifest.xml:12:19-55
intent-filter#android.intent.action.MAIN+android.intent.category.LAUNCHER
ADDED from src/main/AndroidManifest.xml:13:13-17:29
action#android.intent.action.MAIN
ADDED from src/main/AndroidManifest.xml:14:17-69
	android:name
		ADDED from src/main/AndroidManifest.xml:14:25-66
category#android.intent.category.LAUNCHER
ADDED from src/main/AndroidManifest.xml:16:17-77
	android:name
		ADDED from src/main/AndroidManifest.xml:16:27-74
uses-sdk
INJECTED from src/main/AndroidManifest.xml reason: use-sdk injection requested
MERGED from [com.android.support:appcompat-v7:26.1.0] AndroidManifest.xml:21:5-23:78
MERGED from [com.android.support:animated-vector-drawable:26.1.0] AndroidManifest.xml:20:5-44
MERGED from [com.android.support:support-vector-drawable:26.1.0] AndroidManifest.xml:20:5-44
MERGED from [com.android.support.constraint:constraint-layout:1.0.2] AndroidManifest.xml:5:5-7:41
MERGED from [com.jakewharton:butterknife:8.5.1] AndroidManifest.xml:5:5-43
MERGED from [com.yandex.android:speechkit-internal:3.12.0] AndroidManifest.xml:7:5-9:41
MERGED from [com.android.support:support-v4:26.1.0] AndroidManifest.xml:21:5-23:54
MERGED from [com.android.support:support-media-compat:26.1.0] AndroidManifest.xml:21:5-23:63
MERGED from [com.android.support:support-fragment:26.1.0] AndroidManifest.xml:21:5-23:60
MERGED from [com.android.support:support-core-ui:26.1.0] AndroidManifest.xml:21:5-23:58
MERGED from [com.android.support:support-core-utils:26.1.0] AndroidManifest.xml:21:5-23:61
MERGED from [com.android.support:support-compat:26.1.0] AndroidManifest.xml:21:5-23:58
MERGED from [android.arch.lifecycle:runtime:1.0.0] AndroidManifest.xml:20:5-22:41
MERGED from [com.getkeepsafe.relinker:relinker:1.2.3] AndroidManifest.xml:5:5-43
	tools:overrideLibrary
		ADDED from [com.android.support:appcompat-v7:26.1.0] AndroidManifest.xml:23:9-75
	android:targetSdkVersion
		INJECTED from src/main/AndroidManifest.xml
		INJECTED from src/main/AndroidManifest.xml
	android:minSdkVersion
		INJECTED from src/main/AndroidManifest.xml
		INJECTED from src/main/AndroidManifest.xml
meta-data#android.support.VERSION
ADDED from [com.android.support:appcompat-v7:26.1.0] AndroidManifest.xml:26:9-28:38
MERGED from [com.android.support:animated-vector-drawable:26.1.0] AndroidManifest.xml:23:9-25:38
MERGED from [com.android.support:support-vector-drawable:26.1.0] AndroidManifest.xml:23:9-25:38
MERGED from [com.android.support:support-v4:26.1.0] AndroidManifest.xml:26:9-28:38
MERGED from [com.android.support:support-media-compat:26.1.0] AndroidManifest.xml:26:9-28:38
MERGED from [com.android.support:support-fragment:26.1.0] AndroidManifest.xml:26:9-28:38
MERGED from [com.android.support:support-core-ui:26.1.0] AndroidManifest.xml:26:9-28:38
MERGED from [com.android.support:support-core-utils:26.1.0] AndroidManifest.xml:26:9-28:38
MERGED from [com.android.support:support-compat:26.1.0] AndroidManifest.xml:26:9-28:38
	android:value
		ADDED from [com.android.support:appcompat-v7:26.1.0] AndroidManifest.xml:28:13-35
	android:name
		ADDED from [com.android.support:appcompat-v7:26.1.0] AndroidManifest.xml:27:13-51
uses-permission#android.permission.ACCESS_COARSE_LOCATION
ADDED from [com.yandex.android:speechkit-internal:3.12.0] AndroidManifest.xml:11:5-81
	android:name
		ADDED from [com.yandex.android:speechkit-internal:3.12.0] AndroidManifest.xml:11:22-78
uses-permission#android.permission.ACCESS_NETWORK_STATE
ADDED from [com.yandex.android:speechkit-internal:3.12.0] AndroidManifest.xml:12:5-79
	android:name
		ADDED from [com.yandex.android:speechkit-internal:3.12.0] AndroidManifest.xml:12:22-76
uses-permission#android.permission.ACCESS_WIFI_STATE
ADDED from [com.yandex.android:speechkit-internal:3.12.0] AndroidManifest.xml:13:5-76
	android:name
		ADDED from [com.yandex.android:speechkit-internal:3.12.0] AndroidManifest.xml:13:22-73
uses-permission#android.permission.INTERNET
ADDED from [com.yandex.android:speechkit-internal:3.12.0] AndroidManifest.xml:14:5-67
	android:name
		ADDED from [com.yandex.android:speechkit-internal:3.12.0] AndroidManifest.xml:14:22-64
uses-permission#android.permission.RECORD_AUDIO
ADDED from [com.yandex.android:speechkit-internal:3.12.0] AndroidManifest.xml:15:5-71
	android:name
		ADDED from [com.yandex.android:speechkit-internal:3.12.0] AndroidManifest.xml:15:22-68
activity#ru.yandex.speechkit.gui.RecognizerActivity
ADDED from [com.yandex.android:speechkit-internal:3.12.0] AndroidManifest.xml:18:9-28:20
	android:launchMode
		ADDED from [com.yandex.android:speechkit-internal:3.12.0] AndroidManifest.xml:21:13-43
	android:configChanges
		ADDED from [com.yandex.android:speechkit-internal:3.12.0] AndroidManifest.xml:20:13-74
	android:theme
		ADDED from [com.yandex.android:speechkit-internal:3.12.0] AndroidManifest.xml:22:13-63
	android:name
		ADDED from [com.yandex.android:speechkit-internal:3.12.0] AndroidManifest.xml:19:13-70
intent-filter#android.intent.category.DEFAULT+ru.yandex.speechkit.action.voice_recognition
ADDED from [com.yandex.android:speechkit-internal:3.12.0] AndroidManifest.xml:23:13-27:29
action#ru.yandex.speechkit.action.voice_recognition
ADDED from [com.yandex.android:speechkit-internal:3.12.0] AndroidManifest.xml:24:17-87
	android:name
		ADDED from [com.yandex.android:speechkit-internal:3.12.0] AndroidManifest.xml:24:25-84
category#android.intent.category.DEFAULT
ADDED from [com.yandex.android:speechkit-internal:3.12.0] AndroidManifest.xml:26:17-76
	android:name
		ADDED from [com.yandex.android:speechkit-internal:3.12.0] AndroidManifest.xml:26:27-73
meta-data#android.arch.lifecycle.VERSION
ADDED from [android.arch.lifecycle:runtime:1.0.0] AndroidManifest.xml:25:9-27:47
	android:value
		ADDED from [android.arch.lifecycle:runtime:1.0.0] AndroidManifest.xml:27:13-44
	android:name
		ADDED from [android.arch.lifecycle:runtime:1.0.0] AndroidManifest.xml:26:13-58